<?xml version="1.0" encoding="UTF-8"?>
<testng-results ignored="0" total="1" passed="1" failed="0" skipped="0">
  <reporter-output>
  </reporter-output>
  <suite started-at="2025-05-19T16:12:43 IST" name="Default suite" finished-at="2025-05-19T16:12:44 IST" duration-ms="766">
    <groups>
    </groups>
    <test started-at="2025-05-19T16:12:43 IST" name="Default test" finished-at="2025-05-19T16:12:44 IST" duration-ms="766">
      <class name="advanced_selenium_basics.SelectQuery_Test">
        <test-method signature="selectquery()[pri:0, instance:advanced_selenium_basics.SelectQuery_Test@6ad82709]" started-at="2025-05-19T16:12:44 IST" name="selectquery" finished-at="2025-05-19T16:12:44 IST" duration-ms="635" status="PASS">
          <reporter-output>
          </reporter-output>
        </test-method> <!-- selectquery -->
      </class> <!-- advanced_selenium_basics.SelectQuery_Test -->
    </test> <!-- Default test -->
  </suite> <!-- Default suite -->
</testng-results>
