<?xml version="1.0" encoding="UTF-8"?>
<testng-results ignored="0" total="1" passed="1" failed="0" skipped="0">
  <reporter-output>
  </reporter-output>
  <suite started-at="2025-05-22T14:46:55 IST" name="Default suite" finished-at="2025-05-22T14:47:04 IST" duration-ms="8835">
    <groups>
    </groups>
    <test started-at="2025-05-22T14:46:55 IST" name="Default test" finished-at="2025-05-22T14:47:04 IST" duration-ms="8835">
      <class name="extent_Reports.simplereport">
        <test-method is-config="true" signature="beforeSuite()[pri:0, instance:extent_Reports.simplereport@2e1d27ba]" started-at="2025-05-22T14:46:55 IST" name="beforeSuite" finished-at="2025-05-22T14:46:55 IST" duration-ms="403" status="PASS">
          <reporter-output>
          </reporter-output>
        </test-method> <!-- beforeSuite -->
        <test-method signature="simpleReport()[pri:0, instance:extent_Reports.simplereport@2e1d27ba]" started-at="2025-05-22T14:46:55 IST" name="simpleReport" finished-at="2025-05-22T14:47:04 IST" duration-ms="8772" status="PASS">
          <reporter-output>
          </reporter-output>
        </test-method> <!-- simpleReport -->
        <test-method is-config="true" signature="afterSuite()[pri:0, instance:extent_Reports.simplereport@2e1d27ba]" started-at="2025-05-22T14:47:04 IST" name="afterSuite" finished-at="2025-05-22T14:47:05 IST" duration-ms="505" status="PASS">
          <reporter-output>
          </reporter-output>
        </test-method> <!-- afterSuite -->
      </class> <!-- extent_Reports.simplereport -->
    </test> <!-- Default test -->
  </suite> <!-- Default suite -->
</testng-results>
